<?xml version="1.0" encoding="UTF-8"?>
<!-- Generated by org.testng.reporters.JUnitXMLReporter -->
<testsuite ignored="0" hostname="LAPTOP-HSKJMANR" failures="0" tests="3" name="Surefire test" time="62.159" errors="0" timestamp="2022-11-16T15:01:09 EET">
  <testcase classname="com.qacart.todo.testcases.loginTest" name="shouldbeabletologinwithemailandpassword" time="18.969"/>
  <testcase classname="com.qacart.todo.testcases.todoTest" name="shouldbeabletodeletetodo" time="37.392"/>
  <testcase classname="com.qacart.todo.testcases.todoTest" name="shouldbeabletoaddnewTodo" time="37.858"/>
</testsuite> <!-- Surefire test -->
