<?xml version="1.0" encoding="UTF-8"?>
<!-- Generated by org.testng.reporters.JUnitXMLReporter -->
<testsuite ignored="0" hostname="LAPTOP-HSKJMANR" failures="0" tests="3" name="Surefire test" time="49.992" errors="0" timestamp="2022-11-17T14:43:10 EET">
  <testcase classname="com.qacart.todo.testcases.loginTest" name="shouldbeabletologinwithemailandpassword" time="8.877"/>
  <testcase classname="com.qacart.todo.testcases.todoTest" name="shouldbeabletoaddnewTodo" time="27.576"/>
  <testcase classname="com.qacart.todo.testcases.todoTest" name="shouldbeabletodeletetodo" time="28.442"/>
</testsuite> <!-- Surefire test -->
