<?xml version="1.0" encoding="UTF-8"?>
<testng-results ignored="0" total="3" passed="3" failed="0" skipped="0">
  <reporter-output>
  </reporter-output>
  <suite started-at="2022-11-17T14:42:20 EET" name="Surefire suite" finished-at="2022-11-17T14:43:10 EET" duration-ms="49992">
    <groups>
    </groups>
    <test started-at="2022-11-17T14:42:20 EET" name="Surefire test" finished-at="2022-11-17T14:43:10 EET" duration-ms="49992">
      <class name="com.qacart.todo.testcases.todoTest">
        <test-method is-config="true" signature="setup()[pri:0, instance:com.qacart.todo.testcases.todoTest@7e4d2287]" started-at="2022-11-17T14:42:21 EET" name="setup" finished-at="2022-11-17T14:42:39 EET" duration-ms="18055" status="PASS">
          <reporter-output>
          </reporter-output>
        </test-method> <!-- setup -->
        <test-method is-config="true" signature="setup()[pri:0, instance:com.qacart.todo.testcases.todoTest@7e4d2287]" started-at="2022-11-17T14:42:21 EET" name="setup" finished-at="2022-11-17T14:42:39 EET" duration-ms="18149" status="PASS">
          <reporter-output>
          </reporter-output>
        </test-method> <!-- setup -->
        <test-method signature="shouldbeabletoaddnewTodo()[pri:0, instance:com.qacart.todo.testcases.todoTest@7e4d2287]" started-at="2022-11-17T14:42:39 EET" name="shouldbeabletoaddnewTodo" description="should be able to add a new todo correctly " finished-at="2022-11-17T14:43:06 EET" duration-ms="27576" status="PASS">
          <reporter-output>
          </reporter-output>
        </test-method> <!-- shouldbeabletoaddnewTodo -->
        <test-method signature="shouldbeabletodeletetodo()[pri:0, instance:com.qacart.todo.testcases.todoTest@7e4d2287]" started-at="2022-11-17T14:42:39 EET" name="shouldbeabletodeletetodo" description="should be able to delete todo correctly " finished-at="2022-11-17T14:43:07 EET" duration-ms="28442" status="PASS">
          <reporter-output>
          </reporter-output>
        </test-method> <!-- shouldbeabletodeletetodo -->
        <test-method is-config="true" signature="teardown(org.testng.ITestResult)[pri:0, instance:com.qacart.todo.testcases.todoTest@7e4d2287]" started-at="2022-11-17T14:43:06 EET" name="teardown" finished-at="2022-11-17T14:43:10 EET" duration-ms="4100" status="PASS">
          <params>
            <param index="0">
              <value>
                <![CDATA[[TestResult name=shouldbeabletoaddnewTodo status=SUCCESS method=todoTest.shouldbeabletoaddnewTodo()[pri:0, instance:com.qacart.todo.testcases.todoTest@7e4d2287] output={null}]]]>
              </value>
            </param>
          </params>
          <reporter-output>
          </reporter-output>
        </test-method> <!-- teardown -->
        <test-method is-config="true" signature="teardown(org.testng.ITestResult)[pri:0, instance:com.qacart.todo.testcases.todoTest@7e4d2287]" started-at="2022-11-17T14:43:07 EET" name="teardown" finished-at="2022-11-17T14:43:09 EET" duration-ms="1633" status="PASS">
          <params>
            <param index="0">
              <value>
                <![CDATA[[TestResult name=shouldbeabletodeletetodo status=SUCCESS method=todoTest.shouldbeabletodeletetodo()[pri:0, instance:com.qacart.todo.testcases.todoTest@7e4d2287] output={null}]]]>
              </value>
            </param>
          </params>
          <reporter-output>
          </reporter-output>
        </test-method> <!-- teardown -->
      </class> <!-- com.qacart.todo.testcases.todoTest -->
      <class name="com.qacart.todo.testcases.loginTest">
        <test-method is-config="true" signature="setup()[pri:0, instance:com.qacart.todo.testcases.loginTest@74075134]" started-at="2022-11-17T14:42:21 EET" name="setup" finished-at="2022-11-17T14:42:38 EET" duration-ms="17451" status="PASS">
          <reporter-output>
          </reporter-output>
        </test-method> <!-- setup -->
        <test-method signature="shouldbeabletologinwithemailandpassword()[pri:0, instance:com.qacart.todo.testcases.loginTest@74075134]" started-at="2022-11-17T14:42:39 EET" name="shouldbeabletologinwithemailandpassword" description="Test the login functionality using email and password" finished-at="2022-11-17T14:42:47 EET" duration-ms="8877" status="PASS">
          <reporter-output>
          </reporter-output>
        </test-method> <!-- shouldbeabletologinwithemailandpassword -->
        <test-method is-config="true" signature="teardown(org.testng.ITestResult)[pri:0, instance:com.qacart.todo.testcases.loginTest@74075134]" started-at="2022-11-17T14:42:48 EET" name="teardown" finished-at="2022-11-17T14:43:02 EET" duration-ms="14569" status="PASS">
          <params>
            <param index="0">
              <value>
                <![CDATA[[TestResult name=shouldbeabletologinwithemailandpassword status=SUCCESS method=loginTest.shouldbeabletologinwithemailandpassword()[pri:0, instance:com.qacart.todo.testcases.loginTest@74075134] output={null}]]]>
              </value>
            </param>
          </params>
          <reporter-output>
          </reporter-output>
        </test-method> <!-- teardown -->
      </class> <!-- com.qacart.todo.testcases.loginTest -->
    </test> <!-- Surefire test -->
  </suite> <!-- Surefire suite -->
</testng-results>
