<?xml version="1.0" encoding="UTF-8"?>
<testng-results ignored="0" total="3" passed="3" failed="0" skipped="0">
  <reporter-output>
  </reporter-output>
  <suite started-at="2022-11-16T15:00:07 EET" name="Surefire suite" finished-at="2022-11-16T15:01:09 EET" duration-ms="62159">
    <groups>
    </groups>
    <test started-at="2022-11-16T15:00:07 EET" name="Surefire test" finished-at="2022-11-16T15:01:09 EET" duration-ms="62159">
      <class name="com.qacart.todo.testcases.todoTest">
        <test-method is-config="true" signature="setup()[pri:0, instance:com.qacart.todo.testcases.todoTest@4682eba5]" started-at="2022-11-16T15:00:07 EET" name="setup" finished-at="2022-11-16T15:00:25 EET" duration-ms="18136" status="PASS">
          <reporter-output>
          </reporter-output>
        </test-method> <!-- setup -->
        <test-method is-config="true" signature="setup()[pri:0, instance:com.qacart.todo.testcases.todoTest@4682eba5]" started-at="2022-11-16T15:00:07 EET" name="setup" finished-at="2022-11-16T15:00:26 EET" duration-ms="18843" status="PASS">
          <reporter-output>
          </reporter-output>
        </test-method> <!-- setup -->
        <test-method signature="shouldbeabletodeletetodo()[pri:0, instance:com.qacart.todo.testcases.todoTest@4682eba5]" started-at="2022-11-16T15:00:26 EET" name="shouldbeabletodeletetodo" description="should be able to delete todo correctly " finished-at="2022-11-16T15:01:04 EET" duration-ms="37392" status="PASS">
          <reporter-output>
          </reporter-output>
        </test-method> <!-- shouldbeabletodeletetodo -->
        <test-method signature="shouldbeabletoaddnewTodo()[pri:0, instance:com.qacart.todo.testcases.todoTest@4682eba5]" started-at="2022-11-16T15:00:26 EET" name="shouldbeabletoaddnewTodo" description="should be able to add a new todo correctly " finished-at="2022-11-16T15:01:04 EET" duration-ms="37858" status="PASS">
          <reporter-output>
          </reporter-output>
        </test-method> <!-- shouldbeabletoaddnewTodo -->
        <test-method is-config="true" signature="teardown(org.testng.ITestResult)[pri:0, instance:com.qacart.todo.testcases.todoTest@4682eba5]" started-at="2022-11-16T15:01:04 EET" name="teardown" finished-at="2022-11-16T15:01:09 EET" duration-ms="5595" status="PASS">
          <params>
            <param index="0">
              <value>
                <![CDATA[[TestResult name=shouldbeabletodeletetodo status=SUCCESS method=todoTest.shouldbeabletodeletetodo()[pri:0, instance:com.qacart.todo.testcases.todoTest@4682eba5] output={null}]]]>
              </value>
            </param>
          </params>
          <reporter-output>
          </reporter-output>
        </test-method> <!-- teardown -->
        <test-method is-config="true" signature="teardown(org.testng.ITestResult)[pri:0, instance:com.qacart.todo.testcases.todoTest@4682eba5]" started-at="2022-11-16T15:01:04 EET" name="teardown" finished-at="2022-11-16T15:01:08 EET" duration-ms="4068" status="PASS">
          <params>
            <param index="0">
              <value>
                <![CDATA[[TestResult name=shouldbeabletoaddnewTodo status=SUCCESS method=todoTest.shouldbeabletoaddnewTodo()[pri:0, instance:com.qacart.todo.testcases.todoTest@4682eba5] output={null}]]]>
              </value>
            </param>
          </params>
          <reporter-output>
          </reporter-output>
        </test-method> <!-- teardown -->
      </class> <!-- com.qacart.todo.testcases.todoTest -->
      <class name="com.qacart.todo.testcases.loginTest">
        <test-method is-config="true" signature="setup()[pri:0, instance:com.qacart.todo.testcases.loginTest@8d7b252]" started-at="2022-11-16T15:00:07 EET" name="setup" finished-at="2022-11-16T15:00:26 EET" duration-ms="18683" status="PASS">
          <reporter-output>
          </reporter-output>
        </test-method> <!-- setup -->
        <test-method signature="shouldbeabletologinwithemailandpassword()[pri:0, instance:com.qacart.todo.testcases.loginTest@8d7b252]" started-at="2022-11-16T15:00:26 EET" name="shouldbeabletologinwithemailandpassword" description="Test the login functionality using email and password" finished-at="2022-11-16T15:00:45 EET" duration-ms="18969" status="PASS">
          <reporter-output>
          </reporter-output>
        </test-method> <!-- shouldbeabletologinwithemailandpassword -->
        <test-method is-config="true" signature="teardown(org.testng.ITestResult)[pri:0, instance:com.qacart.todo.testcases.loginTest@8d7b252]" started-at="2022-11-16T15:00:45 EET" name="teardown" finished-at="2022-11-16T15:00:58 EET" duration-ms="12546" status="PASS">
          <params>
            <param index="0">
              <value>
                <![CDATA[[TestResult name=shouldbeabletologinwithemailandpassword status=SUCCESS method=loginTest.shouldbeabletologinwithemailandpassword()[pri:0, instance:com.qacart.todo.testcases.loginTest@8d7b252] output={null}]]]>
              </value>
            </param>
          </params>
          <reporter-output>
          </reporter-output>
        </test-method> <!-- teardown -->
      </class> <!-- com.qacart.todo.testcases.loginTest -->
    </test> <!-- Surefire test -->
  </suite> <!-- Surefire suite -->
</testng-results>
